# JRE version: OpenJDK Runtime Environment (17.0.6) (build 17.0.6+0-b2043.56-10027231)
# Java VM: OpenJDK 64-Bit Server VM (17.0.6+0-b2043.56-10027231, mixed mode, tiered, compressed oops, compressed class ptrs, g1 gc, windows-amd64)
GC Precious Log:
 CPUs: 8 total, 8 available
 Memory: 7915M
 Large Page Support: Disabled
 NUMA Support: Disabled
 Compressed Oops: Enabled (32-bit)
 Heap Region Size: 1M
 Heap Min Capacity: 8M
 Heap Initial Capacity: 124M
 Heap Max Capacity: 2G
 Pre-touch: Disabled
 Parallel Workers: 8
 Concurrent Workers: 2
 Concurrent Refinement Workers: 8
 Periodic GC: Disabled
Heap:
 garbage-first heap   total 270336K, used 183367K [0x0000000080000000, 0x0000000100000000)
  region size 1024K, 16 young (16384K), 9 survivors (9216K)
 Metaspace       used 105737K, committed 106688K, reserved 1146880K
  class space    used 14126K, committed 14592K, reserved 1048576K
GC Heap History (20 events):
Event: 11.420 GC heap before
{Heap before GC invocations=48 (full 0):
 garbage-first heap   total 225280K, used 135187K [0x0000000080000000, 0x0000000100000000)
  region size 1024K, 12 young (12288K), 2 survivors (2048K)
 Metaspace       used 81961K, committed 82688K, reserved 1122304K
  class space    used 11167K, committed 11520K, reserved 1048576K
}
Event: 11.426 GC heap after
{Heap after GC invocations=49 (full 0):
 garbage-first heap   total 225280K, used 128067K [0x0000000080000000, 0x0000000100000000)
  region size 1024K, 4 young (4096K), 4 survivors (4096K)
 Metaspace       used 81961K, committed 82688K, reserved 1122304K
  class space    used 11167K, committed 11520K, reserved 1048576K
}
Event: 12.125 GC heap before
{Heap before GC invocations=50 (full 0):
 garbage-first heap   total 225280K, used 166979K [0x0000000080000000, 0x0000000100000000)
  region size 1024K, 41 young (41984K), 4 survivors (4096K)
 Metaspace       used 88605K, committed 89344K, reserved 1130496K
  class space    used 12012K, committed 12352K, reserved 1048576K
}
Event: 12.130 GC heap after
{Heap after GC invocations=51 (full 0):
 garbage-first heap   total 225280K, used 129647K [0x0000000080000000, 0x0000000100000000)
  region size 1024K, 5 young (5120K), 5 survivors (5120K)
 Metaspace       used 88605K, committed 89344K, reserved 1130496K
  class space    used 12012K, committed 12352K, reserved 1048576K
}
Event: 12.231 GC heap before
{Heap before GC invocations=51 (full 0):
 garbage-first heap   total 225280K, used 135791K [0x0000000080000000, 0x0000000100000000)
  region size 1024K, 11 young (11264K), 5 survivors (5120K)
 Metaspace       used 89251K, committed 89984K, reserved 1130496K
  class space    used 12098K, committed 12416K, reserved 1048576K
}
Event: 12.234 GC heap after
{Heap after GC invocations=52 (full 0):
 garbage-first heap   total 225280K, used 129904K [0x0000000080000000, 0x0000000100000000)
  region size 1024K, 1 young (1024K), 1 survivors (1024K)
 Metaspace       used 89251K, committed 89984K, reserved 1130496K
  class space    used 12098K, committed 12416K, reserved 1048576K
}
Event: 12.834 GC heap before
{Heap before GC invocations=52 (full 0):
 garbage-first heap   total 225280K, used 170864K [0x0000000080000000, 0x0000000100000000)
  region size 1024K, 41 young (41984K), 1 survivors (1024K)
 Metaspace       used 93922K, committed 94784K, reserved 1138688K
  class space    used 12662K, committed 13056K, reserved 1048576K
}
Event: 12.839 GC heap after
{Heap after GC invocations=53 (full 0):
 garbage-first heap   total 270336K, used 133075K [0x0000000080000000, 0x0000000100000000)
  region size 1024K, 4 young (4096K), 4 survivors (4096K)
 Metaspace       used 93922K, committed 94784K, reserved 1138688K
  class space    used 12662K, committed 13056K, reserved 1048576K
}
Event: 13.395 GC heap before
{Heap before GC invocations=53 (full 0):
 garbage-first heap   total 270336K, used 197587K [0x0000000080000000, 0x0000000100000000)
  region size 1024K, 68 young (69632K), 4 survivors (4096K)
 Metaspace       used 95615K, committed 96384K, reserved 1138688K
  class space    used 12824K, committed 13184K, reserved 1048576K
}
Event: 13.401 GC heap after
{Heap after GC invocations=54 (full 0):
 garbage-first heap   total 270336K, used 137588K [0x0000000080000000, 0x0000000100000000)
  region size 1024K, 9 young (9216K), 9 survivors (9216K)
 Metaspace       used 95615K, committed 96384K, reserved 1138688K
  class space    used 12824K, committed 13184K, reserved 1048576K
}
Event: 76.370 GC heap before
{Heap before GC invocations=54 (full 0):
 garbage-first heap   total 270336K, used 208244K [0x0000000080000000, 0x0000000100000000)
  region size 1024K, 78 young (79872K), 9 survivors (9216K)
 Metaspace       used 99759K, committed 100672K, reserved 1138688K
  class space    used 13375K, committed 13824K, reserved 1048576K
}
Event: 76.551 GC heap after
{Heap after GC invocations=55 (full 0):
 garbage-first heap   total 270336K, used 142982K [0x0000000080000000, 0x0000000100000000)
  region size 1024K, 10 young (10240K), 10 survivors (10240K)
 Metaspace       used 99759K, committed 100672K, reserved 1138688K
  class space    used 13375K, committed 13824K, reserved 1048576K
}
Event: 78.573 GC heap before
{Heap before GC invocations=56 (full 0):
 garbage-first heap   total 270336K, used 211590K [0x0000000080000000, 0x0000000100000000)
  region size 1024K, 78 young (79872K), 10 survivors (10240K)
 Metaspace       used 101872K, committed 102848K, reserved 1138688K
  class space    used 13631K, committed 14080K, reserved 1048576K
}
Event: 78.592 GC heap after
{Heap after GC invocations=57 (full 0):
 garbage-first heap   total 270336K, used 150924K [0x0000000080000000, 0x0000000100000000)
  region size 1024K, 9 young (9216K), 9 survivors (9216K)
 Metaspace       used 101872K, committed 102848K, reserved 1138688K
  class space    used 13631K, committed 14080K, reserved 1048576K
}
Event: 78.622 GC heap before
{Heap before GC invocations=57 (full 0):
 garbage-first heap   total 270336K, used 155020K [0x0000000080000000, 0x0000000100000000)
  region size 1024K, 13 young (13312K), 9 survivors (9216K)
 Metaspace       used 101878K, committed 102848K, reserved 1138688K
  class space    used 13632K, committed 14080K, reserved 1048576K
}
Event: 78.633 GC heap after
{Heap after GC invocations=58 (full 0):
 garbage-first heap   total 270336K, used 152228K [0x0000000080000000, 0x0000000100000000)
  region size 1024K, 2 young (2048K), 2 survivors (2048K)
 Metaspace       used 101878K, committed 102848K, reserved 1138688K
  class space    used 13632K, committed 14080K, reserved 1048576K
}
Event: 80.331 GC heap before
{Heap before GC invocations=58 (full 0):
 garbage-first heap   total 270336K, used 215716K [0x0000000080000000, 0x0000000100000000)
  region size 1024K, 65 young (66560K), 2 survivors (2048K)
 Metaspace       used 103744K, committed 104768K, reserved 1146880K
  class space    used 13905K, committed 14400K, reserved 1048576K
}
Event: 80.339 GC heap after
{Heap after GC invocations=59 (full 0):
 garbage-first heap   total 270336K, used 159112K [0x0000000080000000, 0x0000000100000000)
  region size 1024K, 9 young (9216K), 9 survivors (9216K)
 Metaspace       used 103744K, committed 104768K, reserved 1146880K
  class space    used 13905K, committed 14400K, reserved 1048576K
}
Event: 81.789 GC heap before
{Heap before GC invocations=59 (full 0):
 garbage-first heap   total 270336K, used 189832K [0x0000000080000000, 0x0000000100000000)
  region size 1024K, 41 young (41984K), 9 survivors (9216K)
 Metaspace       used 105740K, committed 106688K, reserved 1146880K
  class space    used 14128K, committed 14592K, reserved 1048576K
}
Event: 81.838 GC heap after
{Heap after GC invocations=60 (full 0):
 garbage-first heap   total 270336K, used 168007K [0x0000000080000000, 0x0000000100000000)
  region size 1024K, 9 young (9216K), 9 survivors (9216K)
 Metaspace       used 105740K, committed 106688K, reserved 1146880K
  class space    used 14128K, committed 14592K, reserved 1048576K
}

