# JRE version: OpenJDK Runtime Environment (17.0.6) (build 17.0.6+0-b2043.56-10027231)
# Java VM: OpenJDK 64-Bit Server VM (17.0.6+0-b2043.56-10027231, mixed mode, tiered, compressed oops, compressed class ptrs, g1 gc, windows-amd64)
GC Precious Log:
 CPUs: 8 total, 8 available
 Memory: 7915M
 Large Page Support: Disabled
 NUMA Support: Disabled
 Compressed Oops: Enabled (32-bit)
 Heap Region Size: 1M
 Heap Min Capacity: 8M
 Heap Initial Capacity: 124M
 Heap Max Capacity: 2G
 Pre-touch: Disabled
 Parallel Workers: 8
 Concurrent Workers: 2
 Concurrent Refinement Workers: 8
 Periodic GC: Disabled
Heap:
 garbage-first heap   total 283648K, used 139191K [0x0000000080000000, 0x0000000100000000)
  region size 1024K, 1 young (1024K), 1 survivors (1024K)
 Metaspace       used 107004K, committed 107776K, reserved 1146880K
  class space    used 14497K, committed 14848K, reserved 1048576K
GC Heap History (20 events):
Event: 22.137 GC heap after
{Heap after GC invocations=37 (full 0):
 garbage-first heap   total 162816K, used 81504K [0x0000000080000000, 0x0000000100000000)
  region size 1024K, 1 young (1024K), 1 survivors (1024K)
 Metaspace       used 69204K, committed 69824K, reserved 1114112K
  class space    used 9093K, committed 9344K, reserved 1048576K
}
Event: 22.466 GC heap before
{Heap before GC invocations=37 (full 0):
 garbage-first heap   total 162816K, used 137824K [0x0000000080000000, 0x0000000100000000)
  region size 1024K, 56 young (57344K), 1 survivors (1024K)
 Metaspace       used 69348K, committed 69888K, reserved 1114112K
  class space    used 9109K, committed 9344K, reserved 1048576K
}
Event: 22.469 GC heap after
{Heap after GC invocations=38 (full 0):
 garbage-first heap   total 283648K, used 81907K [0x0000000080000000, 0x0000000100000000)
  region size 1024K, 1 young (1024K), 1 survivors (1024K)
 Metaspace       used 69348K, committed 69888K, reserved 1114112K
  class space    used 9109K, committed 9344K, reserved 1048576K
}
Event: 25.888 GC heap before
{Heap before GC invocations=39 (full 0):
 garbage-first heap   total 283648K, used 257011K [0x0000000080000000, 0x0000000100000000)
  region size 1024K, 163 young (166912K), 1 survivors (1024K)
 Metaspace       used 82996K, committed 83648K, reserved 1122304K
  class space    used 10916K, committed 11200K, reserved 1048576K
}
Event: 25.899 GC heap after
{Heap after GC invocations=40 (full 0):
 garbage-first heap   total 283648K, used 97334K [0x0000000080000000, 0x0000000100000000)
  region size 1024K, 13 young (13312K), 13 survivors (13312K)
 Metaspace       used 82996K, committed 83648K, reserved 1122304K
  class space    used 10916K, committed 11200K, reserved 1048576K
}
Event: 25.985 GC heap before
{Heap before GC invocations=40 (full 0):
 garbage-first heap   total 283648K, used 98358K [0x0000000080000000, 0x0000000100000000)
  region size 1024K, 14 young (14336K), 13 survivors (13312K)
 Metaspace       used 83090K, committed 83712K, reserved 1122304K
  class space    used 10935K, committed 11200K, reserved 1048576K
}
Event: 26.050 GC heap after
{Heap after GC invocations=41 (full 0):
 garbage-first heap   total 283648K, used 97959K [0x0000000080000000, 0x0000000100000000)
  region size 1024K, 2 young (2048K), 2 survivors (2048K)
 Metaspace       used 83090K, committed 83712K, reserved 1122304K
  class space    used 10935K, committed 11200K, reserved 1048576K
}
Event: 26.943 GC heap before
{Heap before GC invocations=41 (full 0):
 garbage-first heap   total 283648K, used 145063K [0x0000000080000000, 0x0000000100000000)
  region size 1024K, 49 young (50176K), 2 survivors (2048K)
 Metaspace       used 85017K, committed 85632K, reserved 1130496K
  class space    used 11198K, committed 11456K, reserved 1048576K
}
Event: 26.951 GC heap after
{Heap after GC invocations=42 (full 0):
 garbage-first heap   total 283648K, used 100773K [0x0000000080000000, 0x0000000100000000)
  region size 1024K, 4 young (4096K), 4 survivors (4096K)
 Metaspace       used 85017K, committed 85632K, reserved 1130496K
  class space    used 11198K, committed 11456K, reserved 1048576K
}
Event: 30.342 GC heap before
{Heap before GC invocations=43 (full 0):
 garbage-first heap   total 283648K, used 243109K [0x0000000080000000, 0x0000000100000000)
  region size 1024K, 120 young (122880K), 4 survivors (4096K)
 Metaspace       used 96918K, committed 97664K, reserved 1138688K
  class space    used 12954K, committed 13312K, reserved 1048576K
}
Event: 30.350 GC heap after
{Heap after GC invocations=44 (full 0):
 garbage-first heap   total 283648K, used 133915K [0x0000000080000000, 0x0000000100000000)
  region size 1024K, 15 young (15360K), 15 survivors (15360K)
 Metaspace       used 96918K, committed 97664K, reserved 1138688K
  class space    used 12954K, committed 13312K, reserved 1048576K
}
Event: 30.388 GC heap before
{Heap before GC invocations=44 (full 0):
 garbage-first heap   total 283648K, used 134939K [0x0000000080000000, 0x0000000100000000)
  region size 1024K, 16 young (16384K), 15 survivors (15360K)
 Metaspace       used 97070K, committed 97792K, reserved 1138688K
  class space    used 12976K, committed 13312K, reserved 1048576K
}
Event: 30.395 GC heap after
{Heap after GC invocations=45 (full 0):
 garbage-first heap   total 283648K, used 135227K [0x0000000080000000, 0x0000000100000000)
  region size 1024K, 2 young (2048K), 2 survivors (2048K)
 Metaspace       used 97070K, committed 97792K, reserved 1138688K
  class space    used 12976K, committed 13312K, reserved 1048576K
}
Event: 32.572 GC heap before
{Heap before GC invocations=45 (full 0):
 garbage-first heap   total 283648K, used 198715K [0x0000000080000000, 0x0000000100000000)
  region size 1024K, 66 young (67584K), 2 survivors (2048K)
 Metaspace       used 106971K, committed 107776K, reserved 1146880K
  class space    used 14491K, committed 14848K, reserved 1048576K
}
Event: 32.576 GC heap after
{Heap after GC invocations=46 (full 0):
 garbage-first heap   total 283648K, used 137579K [0x0000000080000000, 0x0000000100000000)
  region size 1024K, 4 young (4096K), 4 survivors (4096K)
 Metaspace       used 106971K, committed 107776K, reserved 1146880K
  class space    used 14491K, committed 14848K, reserved 1048576K
}
Event: 32.944 GC heap before
{Heap before GC invocations=47 (full 0):
 garbage-first heap   total 283648K, used 232811K [0x0000000080000000, 0x0000000100000000)
  region size 1024K, 95 young (97280K), 4 survivors (4096K)
 Metaspace       used 106971K, committed 107776K, reserved 1146880K
  class space    used 14491K, committed 14848K, reserved 1048576K
}
Event: 32.952 GC heap after
{Heap after GC invocations=48 (full 0):
 garbage-first heap   total 283648K, used 140919K [0x0000000080000000, 0x0000000100000000)
  region size 1024K, 5 young (5120K), 5 survivors (5120K)
 Metaspace       used 106971K, committed 107776K, reserved 1146880K
  class space    used 14491K, committed 14848K, reserved 1048576K
}
Event: 32.973 GC heap before
{Heap before GC invocations=48 (full 0):
 garbage-first heap   total 283648K, used 149111K [0x0000000080000000, 0x0000000100000000)
  region size 1024K, 13 young (13312K), 5 survivors (5120K)
 Metaspace       used 106971K, committed 107776K, reserved 1146880K
  class space    used 14491K, committed 14848K, reserved 1048576K
}
Event: 32.981 GC heap after
{Heap after GC invocations=49 (full 0):
 garbage-first heap   total 283648K, used 141068K [0x0000000080000000, 0x0000000100000000)
  region size 1024K, 1 young (1024K), 1 survivors (1024K)
 Metaspace       used 106971K, committed 107776K, reserved 1146880K
  class space    used 14491K, committed 14848K, reserved 1048576K
}
Event: 33.475 GC heap before
{Heap before GC invocations=49 (full 0):
 garbage-first heap   total 283648K, used 185100K [0x0000000080000000, 0x0000000100000000)
  region size 1024K, 45 young (46080K), 1 survivors (1024K)
 Metaspace       used 107004K, committed 107776K, reserved 1146880K
  class space    used 14497K, committed 14848K, reserved 1048576K
}

